<?xml version="1.0" encoding="UTF-8"?>
<testng-results skipped="0" failed="0" ignored="0" total="1" passed="1">
  <reporter-output>
  </reporter-output>
  <suite name="Test Automation" duration-ms="97204" started-at="2021-11-05T10:14:05 EDT" finished-at="2021-11-05T10:15:43 EDT">
    <groups>
    </groups>
    <test name="1" duration-ms="97204" started-at="2021-11-05T10:14:05 EDT" finished-at="2021-11-05T10:15:43 EDT">
      <class name="test.WiFiScript">
        <test-method status="PASS" signature="setUp()[pri:0, instance:test.WiFiScript@5383967b]" name="setUp" is-config="true" duration-ms="32681" started-at="2021-11-05T10:14:05 EDT" finished-at="2021-11-05T10:14:38 EDT">
          <reporter-output>
          </reporter-output>
        </test-method> <!-- setUp -->
        <test-method status="PASS" signature="check_wifi_state()[pri:0, instance:test.WiFiScript@5383967b]" name="check_wifi_state" duration-ms="53685" started-at="2021-11-05T10:14:38 EDT" finished-at="2021-11-05T10:15:32 EDT">
          <reporter-output>
          </reporter-output>
        </test-method> <!-- check_wifi_state -->
        <test-method status="PASS" signature="tearDown()[pri:0, instance:test.WiFiScript@5383967b]" name="tearDown" is-config="true" duration-ms="10789" started-at="2021-11-05T10:15:32 EDT" finished-at="2021-11-05T10:15:43 EDT">
          <reporter-output>
          </reporter-output>
        </test-method> <!-- tearDown -->
      </class> <!-- test.WiFiScript -->
    </test> <!-- 1 -->
  </suite> <!-- Test Automation -->
</testng-results>
