<?xml version="1.0" encoding="UTF-8"?>
<testng-results skipped="0" failed="0" ignored="0" total="1" passed="1">
  <reporter-output>
  </reporter-output>
  <suite name="Test Automation" duration-ms="97568" started-at="2021-11-05T10:24:09 EDT" finished-at="2021-11-05T10:25:46 EDT">
    <groups>
    </groups>
    <test name="1" duration-ms="97568" started-at="2021-11-05T10:24:09 EDT" finished-at="2021-11-05T10:25:46 EDT">
      <class name="test.WiFiScript">
        <test-method status="PASS" signature="setUp()[pri:0, instance:test.WiFiScript@5383967b]" name="setUp" is-config="true" duration-ms="32638" started-at="2021-11-05T10:24:09 EDT" finished-at="2021-11-05T10:24:41 EDT">
          <reporter-output>
          </reporter-output>
        </test-method> <!-- setUp -->
        <test-method status="PASS" signature="check_wifi_state()[pri:0, instance:test.WiFiScript@5383967b]" name="check_wifi_state" duration-ms="53703" started-at="2021-11-05T10:24:41 EDT" finished-at="2021-11-05T10:25:35 EDT">
          <reporter-output>
          </reporter-output>
        </test-method> <!-- check_wifi_state -->
        <test-method status="PASS" signature="tearDown()[pri:0, instance:test.WiFiScript@5383967b]" name="tearDown" is-config="true" duration-ms="11176" started-at="2021-11-05T10:25:35 EDT" finished-at="2021-11-05T10:25:46 EDT">
          <reporter-output>
          </reporter-output>
        </test-method> <!-- tearDown -->
      </class> <!-- test.WiFiScript -->
    </test> <!-- 1 -->
  </suite> <!-- Test Automation -->
</testng-results>
